<?xml version="1.0" encoding="UTF-8"?>
<!-- Generated by org.testng.reporters.JUnitXMLReporter -->
<testsuite ignored="0" hostname="DESKTOP-JEK7HQM" failures="0" tests="6" name="UI Automation Tests" time="0.309" errors="0" timestamp="2025-05-23T02:17:00 IST">
  <testcase classname="com.ui.tests.TestBase" name="@BeforeMethod setup" time="0.025">
    <failure type="java.lang.IllegalArgumentException" message="No enum constant com.constants.Browser.${BROWSER}">
      <![CDATA[java.lang.IllegalArgumentException: No enum constant com.constants.Browser.${BROWSER}
at java.base/java.lang.Enum.valueOf(Enum.java:293)
at com.constants.Browser.valueOf(Browser.java:3)
at com.ui.tests.TestBase.setup(TestBase.java:30)
at java.base/java.util.concurrent.Executors$RunnableAdapter.call(Executors.java:572)
at java.base/java.util.concurrent.FutureTask.run(FutureTask.java:317)
at java.base/java.util.concurrent.ThreadPoolExecutor.runWorker(ThreadPoolExecutor.java:1144)
at java.base/java.util.concurrent.ThreadPoolExecutor$Worker.run(ThreadPoolExecutor.java:642)
at java.base/java.lang.Thread.run(Thread.java:1583)
... Removed 15 stack frames]]>
    </failure>
  </testcase> <!-- @BeforeMethod setup -->
  <testcase classname="com.ui.tests.TestBase" name="@BeforeMethod setup" time="0.025">
    <failure type="java.lang.IllegalArgumentException" message="No enum constant com.constants.Browser.${BROWSER}">
      <![CDATA[java.lang.IllegalArgumentException: No enum constant com.constants.Browser.${BROWSER}
at java.base/java.lang.Enum.valueOf(Enum.java:293)
at com.constants.Browser.valueOf(Browser.java:3)
at com.ui.tests.TestBase.setup(TestBase.java:30)
at java.base/java.util.concurrent.Executors$RunnableAdapter.call(Executors.java:572)
at java.base/java.util.concurrent.FutureTask.run(FutureTask.java:317)
at java.base/java.util.concurrent.ThreadPoolExecutor.runWorker(ThreadPoolExecutor.java:1144)
at java.base/java.util.concurrent.ThreadPoolExecutor$Worker.run(ThreadPoolExecutor.java:642)
at java.base/java.lang.Thread.run(Thread.java:1583)
... Removed 15 stack frames]]>
    </failure>
  </testcase> <!-- @BeforeMethod setup -->
  <testcase classname="com.ui.tests.TestBase" name="@BeforeMethod setup" time="0.025">
    <failure type="java.lang.IllegalArgumentException" message="No enum constant com.constants.Browser.${BROWSER}">
      <![CDATA[java.lang.IllegalArgumentException: No enum constant com.constants.Browser.${BROWSER}
at java.base/java.lang.Enum.valueOf(Enum.java:293)
at com.constants.Browser.valueOf(Browser.java:3)
at com.ui.tests.TestBase.setup(TestBase.java:30)
at java.base/java.util.concurrent.Executors$RunnableAdapter.call(Executors.java:572)
at java.base/java.util.concurrent.FutureTask.run(FutureTask.java:317)
at java.base/java.util.concurrent.ThreadPoolExecutor.runWorker(ThreadPoolExecutor.java:1144)
at java.base/java.util.concurrent.ThreadPoolExecutor$Worker.run(ThreadPoolExecutor.java:642)
at java.base/java.lang.Thread.run(Thread.java:1583)
... Removed 15 stack frames]]>
    </failure>
  </testcase> <!-- @BeforeMethod setup -->
  <testcase classname="com.ui.tests.TestBase" name="@BeforeMethod setup" time="0.025">
    <failure type="java.lang.IllegalArgumentException" message="No enum constant com.constants.Browser.${BROWSER}">
      <![CDATA[java.lang.IllegalArgumentException: No enum constant com.constants.Browser.${BROWSER}
at java.base/java.lang.Enum.valueOf(Enum.java:293)
at com.constants.Browser.valueOf(Browser.java:3)
at com.ui.tests.TestBase.setup(TestBase.java:30)
at java.base/java.util.concurrent.Executors$RunnableAdapter.call(Executors.java:572)
at java.base/java.util.concurrent.FutureTask.run(FutureTask.java:317)
at java.base/java.util.concurrent.ThreadPoolExecutor.runWorker(ThreadPoolExecutor.java:1144)
at java.base/java.util.concurrent.ThreadPoolExecutor$Worker.run(ThreadPoolExecutor.java:642)
at java.base/java.lang.Thread.run(Thread.java:1583)
... Removed 15 stack frames]]>
    </failure>
  </testcase> <!-- @BeforeMethod setup -->
  <testcase classname="com.ui.tests.AddNewAddressTest" name="@BeforeMethod setup" time="0.0">
    <skipped/>
  </testcase> <!-- @BeforeMethod setup -->
  <testcase classname="com.ui.tests.ProductCheckOutTest" name="@BeforeMethod setup" time="0.0">
    <skipped/>
  </testcase> <!-- @BeforeMethod setup -->
  <testcase classname="com.ui.tests.SearchProductTest" name="@BeforeMethod setup" time="0.0">
    <skipped/>
  </testcase> <!-- @BeforeMethod setup -->
  <testcase classname="com.ui.tests.TestBase" name="@AfterMethod teardown" time="0.0">
    <skipped/>
  </testcase> <!-- @AfterMethod teardown -->
  <testcase classname="com.ui.tests.TestBase" name="@AfterMethod teardown" time="0.0">
    <skipped/>
  </testcase> <!-- @AfterMethod teardown -->
  <testcase classname="com.ui.tests.TestBase" name="@AfterMethod teardown" time="0.0">
    <skipped/>
  </testcase> <!-- @AfterMethod teardown -->
  <testcase classname="com.ui.tests.TestBase" name="@AfterMethod teardown" time="0.0">
    <skipped/>
  </testcase> <!-- @AfterMethod teardown -->
  <testcase classname="com.ui.tests.TestBase" name="@BeforeMethod setup" time="0.002">
    <failure type="java.lang.IllegalArgumentException" message="No enum constant com.constants.Browser.${BROWSER}">
      <![CDATA[java.lang.IllegalArgumentException: No enum constant com.constants.Browser.${BROWSER}
at java.base/java.lang.Enum.valueOf(Enum.java:293)
at com.constants.Browser.valueOf(Browser.java:3)
at com.ui.tests.TestBase.setup(TestBase.java:30)
at java.base/java.util.concurrent.Executors$RunnableAdapter.call(Executors.java:572)
at java.base/java.util.concurrent.FutureTask.run(FutureTask.java:317)
at java.base/java.util.concurrent.ThreadPoolExecutor.runWorker(ThreadPoolExecutor.java:1144)
at java.base/java.util.concurrent.ThreadPoolExecutor$Worker.run(ThreadPoolExecutor.java:642)
at java.base/java.lang.Thread.run(Thread.java:1583)
... Removed 15 stack frames]]>
    </failure>
  </testcase> <!-- @BeforeMethod setup -->
  <testcase classname="com.ui.tests.TestBase" name="@AfterMethod teardown" time="0.0">
    <skipped/>
  </testcase> <!-- @AfterMethod teardown -->
  <testcase classname="com.ui.tests.TestBase" name="@BeforeMethod setup" time="0.0">
    <skipped/>
  </testcase> <!-- @BeforeMethod setup -->
  <testcase classname="com.ui.tests.TestBase" name="@AfterMethod teardown" time="0.0">
    <skipped/>
  </testcase> <!-- @AfterMethod teardown -->
  <testcase classname="com.ui.tests.InvalidLoginTest" name="invalidlogintest" time="0.001">
    <skipped/>
  </testcase> <!-- invalidlogintest -->
  <testcase classname="com.ui.tests.ProductCheckOutTest" name="productcheckouttest" time="0.0">
    <skipped/>
  </testcase> <!-- productcheckouttest -->
  <testcase classname="com.ui.tests.AddNewAddressTest" name="addnewaddresstest" time="0.0">
    <skipped/>
  </testcase> <!-- addnewaddresstest -->
  <testcase classname="com.ui.tests.SearchProductTest" name="searchproduct" time="0.0">
    <skipped/>
  </testcase> <!-- searchproduct -->
  <testcase classname="com.ui.tests.LoginTest" name="Logintest" time="0.0">
    <skipped/>
  </testcase> <!-- Logintest -->
  <testcase classname="com.ui.tests.LoginTest" name="Logintest" time="0.0">
    <skipped/>
  </testcase> <!-- Logintest -->
</testsuite> <!-- UI Automation Tests -->
